C:\Program Files (x86)\MSBuild\Microsoft.Cpp\v4.0\V140\Microsoft.CppBuild.targets(392,5): warning MSB8028: The intermediate directory (Debug\) contains files shared from another project (CSC305Assignment1.vcxproj).  This can lead to incorrect clean and rebuild behavior.
  main.cpp
e:\devin\documents\visual studio 2015\projects\csc305assignment1\csc305assignment1\vec3.h(64): warning C4244: 'initializing': conversion from 'double' to 'float', possible loss of data
e:\devin\documents\visual studio 2015\projects\csc305assignment1\csc305assignment1\vec3.h(144): warning C4244: 'initializing': conversion from 'double' to 'float', possible loss of data
e:\devin\documents\visual studio 2015\projects\csc305assignment1\csc305assignment1\hitable.h(14): warning C4244: '=': conversion from 'double' to 'float', possible loss of data
e:\devin\documents\visual studio 2015\projects\csc305assignment1\csc305assignment1\hitable.h(15): warning C4244: '=': conversion from 'double' to 'float', possible loss of data
e:\devin\documents\visual studio 2015\projects\csc305assignment1\csc305assignment1\rectangle.h(13): warning C4244: 'argument': conversion from 'double' to 'float', possible loss of data
e:\devin\documents\visual studio 2015\projects\csc305assignment1\csc305assignment1\rectangle.h(52): warning C4244: 'argument': conversion from 'double' to 'float', possible loss of data
e:\devin\documents\visual studio 2015\projects\csc305assignment1\csc305assignment1\rectangle.h(91): warning C4244: 'argument': conversion from 'double' to 'float', possible loss of data
e:\devin\documents\visual studio 2015\projects\csc305assignment1\csc305assignment1\hitable_list.h(44): warning C4244: 'argument': conversion from 'double' to 'float', possible loss of data
e:\devin\documents\visual studio 2015\projects\csc305assignment1\csc305assignment1\rotate.h(21): warning C4244: 'initializing': conversion from 'double' to 'float', possible loss of data
e:\devin\documents\visual studio 2015\projects\csc305assignment1\csc305assignment1\perlin.h(33): warning C4244: 'initializing': conversion from 'float' to 'int', possible loss of data
e:\devin\documents\visual studio 2015\projects\csc305assignment1\csc305assignment1\perlin.h(34): warning C4244: 'initializing': conversion from 'float' to 'int', possible loss of data
e:\devin\documents\visual studio 2015\projects\csc305assignment1\csc305assignment1\perlin.h(35): warning C4244: 'initializing': conversion from 'float' to 'int', possible loss of data
e:\devin\documents\visual studio 2015\projects\csc305assignment1\csc305assignment1\perlin.h(71): warning C4244: 'argument': conversion from 'double' to 'float', possible loss of data
e:\devin\documents\visual studio 2015\projects\csc305assignment1\csc305assignment1\texture.h(31): warning C4244: 'initializing': conversion from 'float' to 'int', possible loss of data
e:\devin\documents\visual studio 2015\projects\csc305assignment1\csc305assignment1\texture.h(32): warning C4244: 'initializing': conversion from 'double' to 'int', possible loss of data
e:\devin\documents\visual studio 2015\projects\csc305assignment1\csc305assignment1\texture.h(50): warning C4244: 'initializing': conversion from 'double' to 'float', possible loss of data
e:\devin\documents\visual studio 2015\projects\csc305assignment1\csc305assignment1\texture.h(51): warning C4244: 'initializing': conversion from 'double' to 'float', possible loss of data
e:\devin\documents\visual studio 2015\projects\csc305assignment1\csc305assignment1\texture.h(52): warning C4244: 'initializing': conversion from 'double' to 'float', possible loss of data
e:\devin\documents\visual studio 2015\projects\csc305assignment1\csc305assignment1\material.h(13): warning C4244: 'argument': conversion from 'double' to 'float', possible loss of data
e:\devin\documents\visual studio 2015\projects\csc305assignment1\csc305assignment1\material.h(26): warning C4244: 'initializing': conversion from 'double' to 'float', possible loss of data
e:\devin\documents\visual studio 2015\projects\csc305assignment1\csc305assignment1\material.h(97): warning C4244: '=': conversion from 'double' to 'float', possible loss of data
e:\devin\documents\visual studio 2015\projects\csc305assignment1\csc305assignment1\constant_medium.h(25): warning C4244: 'argument': conversion from 'double' to 'float', possible loss of data
e:\devin\documents\visual studio 2015\projects\csc305assignment1\csc305assignment1\constant_medium.h(47): warning C4244: 'initializing': conversion from 'double' to 'float', possible loss of data
e:\devin\documents\visual studio 2015\projects\csc305assignment1\csc305assignment1\camera.h(12): warning C4244: 'argument': conversion from 'double' to 'float', possible loss of data
e:\devin\documents\visual studio 2015\projects\csc305assignment1\csc305assignment1\camera.h(25): warning C4244: 'initializing': conversion from 'double' to 'float', possible loss of data
e:\devin\documents\visual studio 2015\projects\csc305assignment1\csc305assignment1\camera.h(47): warning C4244: 'initializing': conversion from 'double' to 'float', possible loss of data
e:\devin\documents\visual studio 2015\projects\csc305assignment1\csc305assignment1\main.cpp(33): warning C4305: 'argument': truncation from 'double' to 'float'
e:\devin\documents\visual studio 2015\projects\csc305assignment1\csc305assignment1\main.cpp(58): warning C4305: 'argument': truncation from 'double' to 'float'
e:\devin\documents\visual studio 2015\projects\csc305assignment1\csc305assignment1\main.cpp(59): warning C4305: 'argument': truncation from 'double' to 'float'
e:\devin\documents\visual studio 2015\projects\csc305assignment1\csc305assignment1\main.cpp(60): warning C4305: 'argument': truncation from 'double' to 'float'
e:\devin\documents\visual studio 2015\projects\csc305assignment1\csc305assignment1\main.cpp(61): warning C4305: 'argument': truncation from 'double' to 'float'
e:\devin\documents\visual studio 2015\projects\csc305assignment1\csc305assignment1\main.cpp(69): warning C4305: 'argument': truncation from 'double' to 'float'
e:\devin\documents\visual studio 2015\projects\csc305assignment1\csc305assignment1\main.cpp(70): warning C4305: 'argument': truncation from 'double' to 'float'
e:\devin\documents\visual studio 2015\projects\csc305assignment1\csc305assignment1\main.cpp(76): warning C4305: 'argument': truncation from 'double' to 'float'
e:\devin\documents\visual studio 2015\projects\csc305assignment1\csc305assignment1\main.cpp(77): warning C4305: 'argument': truncation from 'double' to 'float'
e:\devin\documents\visual studio 2015\projects\csc305assignment1\csc305assignment1\main.cpp(78): warning C4305: 'argument': truncation from 'double' to 'float'
e:\devin\documents\visual studio 2015\projects\csc305assignment1\csc305assignment1\main.cpp(82): warning C4305: 'argument': truncation from 'double' to 'float'
e:\devin\documents\visual studio 2015\projects\csc305assignment1\csc305assignment1\main.cpp(86): warning C4305: 'argument': truncation from 'double' to 'float'
e:\devin\documents\visual studio 2015\projects\csc305assignment1\csc305assignment1\main.cpp(87): warning C4305: 'argument': truncation from 'double' to 'float'
e:\devin\documents\visual studio 2015\projects\csc305assignment1\csc305assignment1\main.cpp(128): warning C4305: 'initializing': truncation from 'double' to 'float'
  CSC305Assignment1.vcxproj -> E:\Devin\Documents\Visual Studio 2015\Projects\CSC305Assignment1\Debug\CSC305Assignment3.exe
  CSC305Assignment1.vcxproj -> E:\Devin\Documents\Visual Studio 2015\Projects\CSC305Assignment1\Debug\CSC305Assignment3.pdb (Partial PDB)
